c:\users\kevin\documents\portfolio\programming\repositories\zombiesurvival ai\2dae_01_deketelaere_kevin_gpp-retake1920\project\_temp\debug\gpp_plugin_d.pch
c:\users\kevin\documents\portfolio\programming\repositories\zombiesurvival ai\2dae_01_deketelaere_kevin_gpp-retake1920\project\_temp\debug\vc142.pdb
c:\users\kevin\documents\portfolio\programming\repositories\zombiesurvival ai\2dae_01_deketelaere_kevin_gpp-retake1920\project\_temp\debug\vc142.idb
c:\users\kevin\documents\portfolio\programming\repositories\zombiesurvival ai\2dae_01_deketelaere_kevin_gpp-retake1920\project\_temp\debug\stdafx.obj
c:\users\kevin\documents\portfolio\programming\repositories\zombiesurvival ai\2dae_01_deketelaere_kevin_gpp-retake1920\project\_temp\debug\zombiesurvivalai.obj
c:\users\kevin\documents\portfolio\programming\repositories\zombiesurvival ai\2dae_01_deketelaere_kevin_gpp-retake1920\project\_temp\debug\steeringbehaviors.obj
c:\users\kevin\documents\portfolio\programming\repositories\zombiesurvival ai\2dae_01_deketelaere_kevin_gpp-retake1920\project\_temp\debug\plugin.obj
c:\users\kevin\documents\portfolio\programming\repositories\zombiesurvival ai\2dae_01_deketelaere_kevin_gpp-retake1920\project\_temp\debug\helperfunctions.obj
c:\users\kevin\documents\portfolio\programming\repositories\zombiesurvival ai\2dae_01_deketelaere_kevin_gpp-retake1920\project\_temp\debug\zombiesurvivalbehaviortree.obj
c:\users\kevin\documents\portfolio\programming\repositories\zombiesurvival ai\2dae_01_deketelaere_kevin_gpp-retake1920\project\_temp\debug\behaviortreeextended.obj
c:\users\kevin\documents\portfolio\programming\repositories\zombiesurvival ai\2dae_01_deketelaere_kevin_gpp-retake1920\project\_temp\debug\steeringagent.obj
c:\users\kevin\documents\portfolio\programming\repositories\zombiesurvival ai\2dae_01_deketelaere_kevin_gpp-retake1920\project\_temp\debug\baseagent.obj
c:\users\kevin\documents\portfolio\programming\repositories\zombiesurvival ai\2dae_01_deketelaere_kevin_gpp-retake1920\project\_temp\debug\ebehaviortree.obj
c:\users\kevin\documents\portfolio\programming\repositories\zombiesurvival ai\2dae_01_deketelaere_kevin_gpp-retake1920\_demo_debug\gpp_plugin_d.lib
c:\users\kevin\documents\portfolio\programming\repositories\zombiesurvival ai\2dae_01_deketelaere_kevin_gpp-retake1920\_demo_debug\gpp_plugin_d.exp
c:\users\kevin\documents\portfolio\programming\repositories\zombiesurvival ai\2dae_01_deketelaere_kevin_gpp-retake1920\_demo_debug\gpp_plugin_d.ilk
c:\users\kevin\documents\portfolio\programming\repositories\zombiesurvival ai\2dae_01_deketelaere_kevin_gpp-retake1920\_demo_debug\gpp_plugin_d.dll
c:\users\kevin\documents\portfolio\programming\repositories\zombiesurvival ai\2dae_01_deketelaere_kevin_gpp-retake1920\_demo_debug\gpp_plugin_d.pdb
c:\users\kevin\documents\portfolio\programming\repositories\2dae_01_deketelaere_kevin_gpp-retake1920\project\_temp\debug\baseagent.obj
c:\users\kevin\documents\portfolio\programming\repositories\2dae_01_deketelaere_kevin_gpp-retake1920\project\_temp\debug\behaviortreeextended.obj
c:\users\kevin\documents\portfolio\programming\repositories\2dae_01_deketelaere_kevin_gpp-retake1920\project\_temp\debug\ebehaviortree.obj
c:\users\kevin\documents\portfolio\programming\repositories\2dae_01_deketelaere_kevin_gpp-retake1920\project\_temp\debug\helperfunctions.obj
c:\users\kevin\documents\portfolio\programming\repositories\2dae_01_deketelaere_kevin_gpp-retake1920\project\_temp\debug\plugin.obj
c:\users\kevin\documents\portfolio\programming\repositories\2dae_01_deketelaere_kevin_gpp-retake1920\project\_temp\debug\stdafx.obj
c:\users\kevin\documents\portfolio\programming\repositories\2dae_01_deketelaere_kevin_gpp-retake1920\project\_temp\debug\steeringagent.obj
c:\users\kevin\documents\portfolio\programming\repositories\2dae_01_deketelaere_kevin_gpp-retake1920\project\_temp\debug\steeringbehaviors.obj
c:\users\kevin\documents\portfolio\programming\repositories\2dae_01_deketelaere_kevin_gpp-retake1920\project\_temp\debug\zombiesurvivalai.obj
c:\users\kevin\documents\portfolio\programming\repositories\2dae_01_deketelaere_kevin_gpp-retake1920\project\_temp\debug\zombiesurvivalbehaviortree.obj
c:\users\kevin\documents\portfolio\programming\repositories\2dae_01_deketelaere_kevin_gpp-retake1920\project\_temp\debug\gpp_plugin_d.pch
c:\users\kevin\documents\portfolio\programming\repositories\2dae_01_deketelaere_kevin_gpp-retake1920\project\_temp\debug\vc142.idb
c:\users\kevin\documents\portfolio\programming\repositories\2dae_01_deketelaere_kevin_gpp-retake1920\project\_temp\debug\vc142.pdb
c:\users\kevin\documents\portfolio\programming\repositories\2dae_01_deketelaere_kevin_gpp-retake1920\project\..\_demo_debug\gpp_plugin_d.pdb
c:\users\kevin\documents\portfolio\programming\repositories\2dae_01_deketelaere_kevin_gpp-retake1920\_demo_debug\gpp_plugin_d.dll
c:\users\kevin\documents\portfolio\programming\repositories\2dae_01_deketelaere_kevin_gpp-retake1920\project\..\_demo_debug\gpp_plugin_d.ilk
c:\users\kevin\documents\portfolio\programming\repositories\2dae_01_deketelaere_kevin_gpp-retake1920\project\_temp\debug\gpp_exam.tlog\cl.command.1.tlog
c:\users\kevin\documents\portfolio\programming\repositories\2dae_01_deketelaere_kevin_gpp-retake1920\project\_temp\debug\gpp_exam.tlog\cl.read.1.tlog
c:\users\kevin\documents\portfolio\programming\repositories\2dae_01_deketelaere_kevin_gpp-retake1920\project\_temp\debug\gpp_exam.tlog\cl.write.1.tlog
c:\users\kevin\documents\portfolio\programming\repositories\2dae_01_deketelaere_kevin_gpp-retake1920\project\_temp\debug\gpp_exam.tlog\gpp_exam.write.1u.tlog
c:\users\kevin\documents\portfolio\programming\repositories\2dae_01_deketelaere_kevin_gpp-retake1920\project\_temp\debug\gpp_exam.tlog\link.command.1.tlog
c:\users\kevin\documents\portfolio\programming\repositories\2dae_01_deketelaere_kevin_gpp-retake1920\project\_temp\debug\gpp_exam.tlog\link.read.1.tlog
c:\users\kevin\documents\portfolio\programming\repositories\2dae_01_deketelaere_kevin_gpp-retake1920\project\_temp\debug\gpp_exam.tlog\link.write.1.tlog
