c:\users\kevin\desktop\gameplay programming\_retake\gpp_examproject\project\_temp\release\gpp_plugin.pch
c:\users\kevin\desktop\gameplay programming\_retake\gpp_examproject\project\_temp\release\stdafx.obj
c:\users\kevin\desktop\gameplay programming\_retake\gpp_examproject\project\_temp\release\zombiesurvivalai.obj
c:\users\kevin\desktop\gameplay programming\_retake\gpp_examproject\project\_temp\release\steeringbehaviors.obj
c:\users\kevin\desktop\gameplay programming\_retake\gpp_examproject\project\_temp\release\plugin.obj
c:\users\kevin\desktop\gameplay programming\_retake\gpp_examproject\project\_temp\release\helperfunctions.obj
c:\users\kevin\desktop\gameplay programming\_retake\gpp_examproject\project\_temp\release\zombiesurvivalbehaviortree.obj
c:\users\kevin\desktop\gameplay programming\_retake\gpp_examproject\project\_temp\release\behaviortreeextended.obj
c:\users\kevin\desktop\gameplay programming\_retake\gpp_examproject\project\_temp\release\steeringagent.obj
c:\users\kevin\desktop\gameplay programming\_retake\gpp_examproject\project\_temp\release\baseagent.obj
c:\users\kevin\desktop\gameplay programming\_retake\gpp_examproject\project\_temp\release\ebehaviortree.obj
c:\users\kevin\desktop\gameplay programming\_retake\gpp_examproject\project\_temp\release\gpp_plugin.lib
c:\users\kevin\desktop\gameplay programming\_retake\gpp_examproject\project\_temp\release\gpp_plugin.exp
c:\users\kevin\desktop\gameplay programming\_retake\gpp_examproject\_demo_release\gpp_plugin.dll
c:\users\kevin\desktop\gameplay programming\_retake\gpp_examproject\project\_temp\release\gpp_plugin.pdb
c:\users\kevin\desktop\gameplay programming\_retake\gpp_examproject\project\_temp\release\gpp_exam.tlog\cl.command.1.tlog
c:\users\kevin\desktop\gameplay programming\_retake\gpp_examproject\project\_temp\release\gpp_exam.tlog\cl.read.1.tlog
c:\users\kevin\desktop\gameplay programming\_retake\gpp_examproject\project\_temp\release\gpp_exam.tlog\cl.write.1.tlog
c:\users\kevin\desktop\gameplay programming\_retake\gpp_examproject\project\_temp\release\gpp_exam.tlog\gpp_exam.write.1u.tlog
c:\users\kevin\desktop\gameplay programming\_retake\gpp_examproject\project\_temp\release\gpp_exam.tlog\link.command.1.tlog
c:\users\kevin\desktop\gameplay programming\_retake\gpp_examproject\project\_temp\release\gpp_exam.tlog\link.read.1.tlog
c:\users\kevin\desktop\gameplay programming\_retake\gpp_examproject\project\_temp\release\gpp_exam.tlog\link.write.1.tlog
